
==================================================
Z-SCORE -> TPR:  11.86% | FPR:   0.00% | Tempo: 6149 us
HAMPEL  -> TPR:  97.03% | FPR:   1.46% | Tempo: 10077 us
==================================================

[LoRa] JOIN FALLITO! Rifiutato dal gateway. Codice: -1118

==================================================
Z-SCORE -> TPR: 100.00% | FPR:   0.00% | Tempo: 66 us
HAMPEL  -> TPR: 100.00% | FPR:   0.00% | Tempo: 81 us
==================================================


==================================================
Z-SCORE -> TPR:   0.00% | FPR:   0.00% | Tempo: 75 us
HAMPEL  -> TPR:   0.00% | FPR:   0.00% | Tempo: 76 us
==================================================


==================================================
Z-SCORE -> TPR:  66.67% | FPR:   0.00% | Tempo: 74 us
HAMPEL  -> TPR: 100.00% | FPR:   0.00% | Tempo: 75 us
==================================================


==================================================
Z-SCORE -> TPR:   0.00% | FPR:   0.00% | Tempo: 65 us
HAMPEL  -> TPR:  60.00% | FPR:   0.00% | Tempo: 75 us
==================================================


==================================================
Z-SCORE -> TPR:   0.00% | FPR:   0.00% | Tempo: 67 us
HAMPEL  -> TPR:  50.00% | FPR:   0.00% | Tempo: 75 us
==================================================


==================================================
Z-SCORE -> TPR:  66.67% | FPR:   0.00% | Tempo: 65 us
HAMPEL  -> TPR:  50.00% | FPR:   0.00% | Tempo: 75 us
==================================================


==================================================
Z-SCORE -> TPR:  40.00% | FPR:   0.00% | Tempo: 65 us
HAMPEL  -> TPR:  66.67% | FPR:   0.00% | Tempo: 76 us
==================================================


==================================================
Z-SCORE -> TPR:   0.00% | FPR:   0.00% | Tempo: 65 us
HAMPEL  -> TPR:  60.00% | FPR:   0.00% | Tempo: 76 us
==================================================


==================================================
Z-SCORE -> TPR:  25.00% | FPR:   0.00% | Tempo: 65 us
HAMPEL  -> TPR:  66.67% | FPR:   0.00% | Tempo: 75 us
==================================================


==================================================
Z-SCORE -> TPR:  40.00% | FPR:   0.00% | Tempo: 65 us
HAMPEL  -> TPR:  50.00% | FPR:   0.00% | Tempo: 76 us
==================================================


==================================================
Z-SCORE -> TPR:  40.00% | FPR:   0.00% | Tempo: 65 us
HAMPEL  -> TPR:  40.00% | FPR:   0.00% | Tempo: 75 us
==================================================


==================================================
Z-SCORE -> TPR:  20.00% | FPR:   0.00% | Tempo: 74 us
HAMPEL  -> TPR:  50.00% | FPR:   0.00% | Tempo: 76 us
==================================================


==================================================
Z-SCORE -> TPR:  66.67% | FPR:   0.00% | Tempo: 65 us
HAMPEL  -> TPR:  66.67% | FPR:   0.00% | Tempo: 75 us
==================================================


==================================================
Z-SCORE -> TPR:  16.67% | FPR:   0.00% | Tempo: 65 us
HAMPEL  -> TPR:  75.00% | FPR:   0.00% | Tempo: 75 us
==================================================


==================================================
Z-SCORE -> TPR:  25.00% | FPR:   0.00% | Tempo: 66 us
HAMPEL  -> TPR:  33.33% | FPR:   0.00% | Tempo: 76 us
==================================================


==================================================
Z-SCORE -> TPR:  40.00% | FPR:   0.00% | Tempo: 65 us
HAMPEL  -> TPR:  50.00% | FPR:   0.00% | Tempo: 76 us
==================================================


==================================================
Z-SCORE -> TPR:  50.00% | FPR:   0.00% | Tempo: 76 us
HAMPEL  -> TPR:  50.00% | FPR:   0.00% | Tempo: 75 us
==================================================


==================================================
Z-SCORE -> TPR:  25.00% | FPR:   0.00% | Tempo: 65 us
HAMPEL  -> TPR:  75.00% | FPR:   0.00% | Tempo: 75 us
==================================================


==================================================
Z-SCORE -> TPR:   0.00% | FPR:   0.00% | Tempo: 65 us
HAMPEL  -> TPR:  12.50% | FPR:   0.00% | Tempo: 83 us
==================================================


==================================================
Z-SCORE -> TPR:  33.33% | FPR:   0.00% | Tempo: 65 us
HAMPEL  -> TPR:  50.00% | FPR:   0.00% | Tempo: 76 us
==================================================


==================================================
Z-SCORE -> TPR:   0.00% | FPR:   0.00% | Tempo: 65 us
HAMPEL  -> TPR:  25.00% | FPR:   0.00% | Tempo: 75 us
==================================================


==================================================
Z-SCORE -> TPR: 100.00% | FPR:   0.00% | Tempo: 75 us
HAMPEL  -> TPR:   0.00% | FPR:   0.00% | Tempo: 75 us
==================================================


==================================================
Z-SCORE -> TPR:  25.00% | FPR:   0.00% | Tempo: 75 us
HAMPEL  -> TPR:  66.67% | FPR:   0.00% | Tempo: 74 us
==================================================

